2025-01-23 00:07:54,076 |     INFO | pipeline | Starting pipeline for sample
2025-01-23 00:07:54,076 |     INFO | pipeline | Parameters: chunksize=200, max_workers=8, max_retries=3
2025-01-23 00:07:54,076 |     INFO | pipeline | Reading: sample.vcf | Chunk size: 200
2025-01-23 00:07:54,079 |     INFO | pipeline | Processing chunk 0–2 ...
2025-01-23 00:07:54,101 |     INFO | pipeline | Finished chunk 0–2, wrote: ./results/sample_200/result_0_2.csv
2025-01-23 00:07:54,101 |     INFO | pipeline | Processed 1 chunk(s) successfully.
2025-01-23 00:07:54,101 |     INFO | pipeline | Pipeline completed successfully
2025-01-23 00:08:14,605 |     INFO | pipeline | Info message - Pipeline configuration complete
2025-01-23 00:08:14,605 |  WARNING | pipeline | Warning message - This is a test warning
2025-01-23 00:08:14,605 |     INFO | pipeline | Starting pipeline for sample
2025-01-23 00:08:14,605 |     INFO | pipeline | Parameters: chunksize=200, max_workers=8, max_retries=3
2025-01-23 00:08:14,605 |     INFO | pipeline | Reading: sample.vcf | Chunk size: 200
2025-01-23 00:08:14,608 |     INFO | pipeline | Processing chunk 0–2 ...
2025-01-23 00:08:14,643 |     INFO | pipeline | Finished chunk 0–2, wrote: ./results/sample_200/result_0_2.csv
2025-01-23 00:08:14,643 |     INFO | pipeline | Processed 1 chunk(s) successfully.
2025-01-23 00:08:14,643 |     INFO | pipeline | Pipeline completed successfully
2025-01-23 00:09:08,830 |     INFO | pipeline | Info message - Pipeline configuration complete
2025-01-23 00:09:08,830 |  WARNING | pipeline | Warning message - This is a test warning
2025-01-23 00:09:08,830 |     INFO | pipeline | Starting pipeline for sample
2025-01-23 00:09:08,830 |     INFO | pipeline | Parameters: chunksize=200, max_workers=8, max_retries=3
2025-01-23 00:09:08,830 |     INFO | pipeline | Reading: sample.vcf | Chunk size: 200
2025-01-23 00:09:08,832 |     INFO | pipeline | Processing chunk 0–2 ...
2025-01-23 00:09:08,855 |     INFO | pipeline | Finished chunk 0–2, wrote: ./results/sample_200/result_0_2.csv
2025-01-23 00:09:08,855 |     INFO | pipeline | Processed 1 chunk(s) successfully.
2025-01-23 00:09:08,855 |     INFO | pipeline | Pipeline completed successfully
2025-01-23 00:10:20,266 |     INFO | pipeline | Info message - Pipeline configuration complete
2025-01-23 00:10:20,266 |  WARNING | pipeline | Warning message - This is a test warning
2025-01-23 00:10:20,267 |     INFO | pipeline | Starting pipeline for sample
2025-01-23 00:10:20,267 |     INFO | pipeline | Parameters: chunksize=200, max_workers=8, max_retries=3
2025-01-23 00:10:20,267 |     INFO | pipeline | Reading: sample.vcf | Chunk size: 200
2025-01-23 00:10:20,275 |     INFO | pipeline | Processing chunk 0–2 ...
2025-01-23 00:10:20,277 |     INFO | pipeline | Finished chunk 0–2, wrote: ./results/sample_200/result_0_2.csv
2025-01-23 00:10:20,278 |     INFO | pipeline | Processed 1 chunk(s) successfully.
2025-01-23 00:10:20,278 |     INFO | pipeline | Pipeline completed successfully
